<?xml version="1.0" encoding="UTF-8"?>
<!-- Generated by org.testng.reporters.JUnitXMLReporter -->
<testsuite ignored="0" hostname="BizAct116" failures="0" tests="4" name="Default test" time="11.776" errors="0" timestamp="2023-10-19T14:48:48 IST">
  <testcase classname="api.test.userTest" name="testPostUser" time="5.824"/>
  <testcase classname="api.test.userTest" name="testGetUser" time="1.072"/>
  <testcase classname="api.test.userTest" name="testUpdateUser" time="2.048"/>
  <testcase classname="api.test.userTest" name="testDeleteUser" time="2.115"/>
</testsuite> <!-- Default test -->
