<?xml version="1.0" encoding="UTF-8"?>
<!-- Generated by org.testng.reporters.JUnitXMLReporter -->
<testsuite ignored="0" hostname="BizAct116" failures="0" tests="4" name="Test" time="11.46" errors="0" timestamp="2023-10-20T15:06:37 IST">
  <testcase classname="api.test.userTest2" name="testPostUser" time="4.34"/>
  <testcase classname="api.test.userTest2" name="testGetUser" time="1.171"/>
  <testcase classname="api.test.userTest2" name="testUpdateUser" time="2.511"/>
  <testcase classname="api.test.userTest2" name="testDeleteUser" time="2.283"/>
</testsuite> <!-- Test -->
