<?xml version="1.0" encoding="UTF-8"?>
<!-- Generated by org.testng.reporters.JUnitXMLReporter -->
<testsuite ignored="0" hostname="BizAct116" failures="0" tests="4" name="Test" time="12.237" errors="0" timestamp="2023-10-26T11:27:42 IST">
  <testcase classname="api.test.userTest2" name="testPostUser" time="5.331"/>
  <testcase classname="api.test.userTest2" name="testGetUser" time="1.122"/>
  <testcase classname="api.test.userTest2" name="testUpdateUser" time="2.026"/>
  <testcase classname="api.test.userTest2" name="testDeleteUser" time="1.922"/>
</testsuite> <!-- Test -->
