<?xml version="1.0" encoding="UTF-8"?>
<!-- Generated by org.testng.reporters.JUnitXMLReporter -->
<testsuite ignored="0" hostname="BizAct116" failures="0" tests="4" name="Test" time="10.889" errors="0" timestamp="2023-10-20T16:04:42 IST">
  <testcase classname="api.test.userTest2" name="testPostUser" time="4.323"/>
  <testcase classname="api.test.userTest2" name="testGetUser" time="1.13"/>
  <testcase classname="api.test.userTest2" name="testUpdateUser" time="2.215"/>
  <testcase classname="api.test.userTest2" name="testDeleteUser" time="2.271"/>
</testsuite> <!-- Test -->
