<?xml version="1.0" encoding="UTF-8"?>
<testng-results ignored="0" total="4" passed="4" failed="0" skipped="0">
  <reporter-output>
  </reporter-output>
  <suite started-at="2023-10-20T16:04:31 IST" name="Suite" finished-at="2023-10-20T16:04:42 IST" duration-ms="10889">
    <groups>
    </groups>
    <test started-at="2023-10-20T16:04:31 IST" name="Test" finished-at="2023-10-20T16:04:42 IST" duration-ms="10889">
      <class name="api.test.userTest2">
        <test-method is-config="true" signature="setUpData()[pri:0, instance:api.test.userTest2@223191a6]" started-at="2023-10-20T16:04:31 IST" name="setUpData" finished-at="2023-10-20T16:04:32 IST" duration-ms="508" status="PASS">
          <reporter-output>
          </reporter-output>
        </test-method> <!-- setUpData -->
        <test-method signature="testPostUser()[pri:1, instance:api.test.userTest2@223191a6]" started-at="2023-10-20T16:04:32 IST" name="testPostUser" finished-at="2023-10-20T16:04:36 IST" duration-ms="4323" status="PASS">
          <reporter-output>
          </reporter-output>
        </test-method> <!-- testPostUser -->
        <test-method signature="testGetUser()[pri:2, instance:api.test.userTest2@223191a6]" started-at="2023-10-20T16:04:36 IST" name="testGetUser" finished-at="2023-10-20T16:04:37 IST" duration-ms="1130" status="PASS">
          <reporter-output>
          </reporter-output>
        </test-method> <!-- testGetUser -->
        <test-method signature="testUpdateUser()[pri:3, instance:api.test.userTest2@223191a6]" started-at="2023-10-20T16:04:37 IST" name="testUpdateUser" finished-at="2023-10-20T16:04:39 IST" duration-ms="2215" status="PASS">
          <reporter-output>
          </reporter-output>
        </test-method> <!-- testUpdateUser -->
        <test-method signature="testDeleteUser()[pri:4, instance:api.test.userTest2@223191a6]" started-at="2023-10-20T16:04:39 IST" name="testDeleteUser" finished-at="2023-10-20T16:04:42 IST" duration-ms="2271" status="PASS">
          <reporter-output>
          </reporter-output>
        </test-method> <!-- testDeleteUser -->
      </class> <!-- api.test.userTest2 -->
    </test> <!-- Test -->
  </suite> <!-- Suite -->
</testng-results>
