<?xml version="1.0" encoding="UTF-8"?>
<testsuite xmlns:xsi="http://www.w3.org/2001/XMLSchema-instance" xsi:noNamespaceSchemaLocation="https://maven.apache.org/surefire/maven-surefire-plugin/xsd/surefire-test-report-3.0.xsd" version="3.0" name="TestSuite" time="12.156" tests="4" errors="0" skipped="0" failures="0">
  <properties>
[...]
</properties>
  <testcase name="testPostUser" classname="api.test.userTest2" time="4.33">
    <system-out><![CDATA[HTTP/1.1 200 OK
Date: Fri, 20 Oct 2023 10:34:07 GMT
Content-Type: application/json
Transfer-Encoding: chunked
Connection: keep-alive
Access-Control-Allow-Origin: *
Access-Control-Allow-Methods: GET, POST, DELETE, PUT
Access-Control-Allow-Headers: Content-Type, api_key, Authorization
Server: Jetty(9.2.9.v20150224)

{
    "code": 200,
    "type": "unknown",
    "message": "1332757905"
}
]]></system-out>
    <system-err><![CDATA[ERROR StatusLogger Log4j2 could not find a logging implementation. Please add log4j-core to the classpath. Using SimpleLogger to log to the console...
SLF4J: No SLF4J providers were found.
SLF4J: Defaulting to no-operation (NOP) logger implementation
SLF4J: See https://www.slf4j.org/codes.html#noProviders for further details.
]]></system-err>
  </testcase>
  <testcase name="testGetUser" classname="api.test.userTest2" time="1.136">
    <system-out><![CDATA[HTTP/1.1 200 OK
Date: Fri, 20 Oct 2023 10:34:08 GMT
Content-Type: application/json
Transfer-Encoding: chunked
Connection: keep-alive
Access-Control-Allow-Origin: *
Access-Control-Allow-Methods: GET, POST, DELETE, PUT
Access-Control-Allow-Headers: Content-Type, api_key, Authorization
Server: Jetty(9.2.9.v20150224)

{
    "id": 1332757905,
    "username": "gerry.ondricka",
    "email": "jeannine.brekke@yahoo.com",
    "password": "ehejle",
    "phone": "046-779-5946",
    "userStatus": 0
}
]]></system-out>
  </testcase>
  <testcase name="testUpdateUser" classname="api.test.userTest2" time="2.218">
    <system-out><![CDATA[HTTP/1.1 200 OK
Date: Fri, 20 Oct 2023 10:34:10 GMT
Content-Type: application/json
Transfer-Encoding: chunked
Connection: keep-alive
Access-Control-Allow-Origin: *
Access-Control-Allow-Methods: GET, POST, DELETE, PUT
Access-Control-Allow-Headers: Content-Type, api_key, Authorization
Server: Jetty(9.2.9.v20150224)

{
    "id": 1332757905,
    "username": "rowena.frami",
    "email": "jeannine.brekke@yahoo.com",
    "password": "ehejle",
    "phone": "046-779-5946",
    "userStatus": 0
}
]]></system-out>
  </testcase>
  <testcase name="testDeleteUser" classname="api.test.userTest2" time="2.266">
    <system-out><![CDATA[HTTP/1.1 200 OK
Date: Fri, 20 Oct 2023 10:34:12 GMT
Content-Type: application/json
Transfer-Encoding: chunked
Connection: keep-alive
Access-Control-Allow-Origin: *
Access-Control-Allow-Methods: GET, POST, DELETE, PUT
Access-Control-Allow-Headers: Content-Type, api_key, Authorization
Server: Jetty(9.2.9.v20150224)

{
    "id": 1332757905,
    "username": "rowena.frami",
    "email": "jeannine.brekke@yahoo.com",
    "password": "ehejle",
    "phone": "046-779-5946",
    "userStatus": 0
}
]]></system-out>
  </testcase>
</testsuite>