<?xml version="1.0" encoding="UTF-8"?>
<testng-results ignored="0" total="4" passed="4" failed="0" skipped="0">
  <reporter-output>
  </reporter-output>
  <suite started-at="2023-10-20T15:06:26 IST" name="Suite" finished-at="2023-10-20T15:06:37 IST" duration-ms="11460">
    <groups>
    </groups>
    <test started-at="2023-10-20T15:06:26 IST" name="Test" finished-at="2023-10-20T15:06:37 IST" duration-ms="11460">
      <class name="api.test.userTest2">
        <test-method is-config="true" signature="setUpData()[pri:0, instance:api.test.userTest2@eadd4fb]" started-at="2023-10-20T15:06:26 IST" name="setUpData" finished-at="2023-10-20T15:06:27 IST" duration-ms="561" status="PASS">
          <reporter-output>
          </reporter-output>
        </test-method> <!-- setUpData -->
        <test-method signature="testPostUser()[pri:1, instance:api.test.userTest2@eadd4fb]" started-at="2023-10-20T15:06:27 IST" name="testPostUser" finished-at="2023-10-20T15:06:31 IST" duration-ms="4340" status="PASS">
          <reporter-output>
          </reporter-output>
        </test-method> <!-- testPostUser -->
        <test-method signature="testGetUser()[pri:2, instance:api.test.userTest2@eadd4fb]" started-at="2023-10-20T15:06:31 IST" name="testGetUser" finished-at="2023-10-20T15:06:33 IST" duration-ms="1171" status="PASS">
          <reporter-output>
          </reporter-output>
        </test-method> <!-- testGetUser -->
        <test-method signature="testUpdateUser()[pri:3, instance:api.test.userTest2@eadd4fb]" started-at="2023-10-20T15:06:33 IST" name="testUpdateUser" finished-at="2023-10-20T15:06:35 IST" duration-ms="2511" status="PASS">
          <reporter-output>
          </reporter-output>
        </test-method> <!-- testUpdateUser -->
        <test-method signature="testDeleteUser()[pri:4, instance:api.test.userTest2@eadd4fb]" started-at="2023-10-20T15:06:35 IST" name="testDeleteUser" finished-at="2023-10-20T15:06:37 IST" duration-ms="2283" status="PASS">
          <reporter-output>
          </reporter-output>
        </test-method> <!-- testDeleteUser -->
      </class> <!-- api.test.userTest2 -->
    </test> <!-- Test -->
  </suite> <!-- Suite -->
</testng-results>
