<?xml version="1.0" encoding="UTF-8"?>
<testng-results ignored="0" total="4" passed="4" failed="0" skipped="0">
  <reporter-output>
  </reporter-output>
  <suite started-at="2023-10-26T11:27:29 IST" name="Suite" finished-at="2023-10-26T11:27:42 IST" duration-ms="12237">
    <groups>
    </groups>
    <test started-at="2023-10-26T11:27:29 IST" name="Test" finished-at="2023-10-26T11:27:42 IST" duration-ms="12237">
      <class name="api.test.userTest2">
        <test-method is-config="true" signature="setUpData()[pri:0, instance:api.test.userTest2@eadd4fb]" started-at="2023-10-26T11:27:30 IST" name="setUpData" finished-at="2023-10-26T11:27:31 IST" duration-ms="708" status="PASS">
          <reporter-output>
          </reporter-output>
        </test-method> <!-- setUpData -->
        <test-method signature="testPostUser()[pri:1, instance:api.test.userTest2@eadd4fb]" started-at="2023-10-26T11:27:31 IST" name="testPostUser" finished-at="2023-10-26T11:27:36 IST" duration-ms="5331" status="PASS">
          <reporter-output>
          </reporter-output>
        </test-method> <!-- testPostUser -->
        <test-method signature="testGetUser()[pri:2, instance:api.test.userTest2@eadd4fb]" started-at="2023-10-26T11:27:36 IST" name="testGetUser" finished-at="2023-10-26T11:27:38 IST" duration-ms="1122" status="PASS">
          <reporter-output>
          </reporter-output>
        </test-method> <!-- testGetUser -->
        <test-method signature="testUpdateUser()[pri:3, instance:api.test.userTest2@eadd4fb]" started-at="2023-10-26T11:27:38 IST" name="testUpdateUser" finished-at="2023-10-26T11:27:40 IST" duration-ms="2026" status="PASS">
          <reporter-output>
          </reporter-output>
        </test-method> <!-- testUpdateUser -->
        <test-method signature="testDeleteUser()[pri:4, instance:api.test.userTest2@eadd4fb]" started-at="2023-10-26T11:27:40 IST" name="testDeleteUser" finished-at="2023-10-26T11:27:42 IST" duration-ms="1922" status="PASS">
          <reporter-output>
          </reporter-output>
        </test-method> <!-- testDeleteUser -->
      </class> <!-- api.test.userTest2 -->
    </test> <!-- Test -->
  </suite> <!-- Suite -->
</testng-results>
